<?xml version="1.0" encoding="UTF-8"?>
<!-- Generated by org.testng.reporters.JUnitReportReporter -->
<testsuite hostname="LAPTOP-3QEC0TB8" failures="0" tests="1" name="Examples.GetMethod" time="6.962" errors="0" timestamp="2024-02-18T08:32:09 IST" skipped="0">
  <testcase classname="Examples.GetMethod" name="Tc1" time="6.962"/>
</testsuite> <!-- Examples.GetMethod -->
