<?xml version="1.0" encoding="UTF-8"?>
<!-- Generated by org.testng.reporters.JUnitReportReporter -->
<testsuite hostname="LAPTOP-3QEC0TB8" failures="0" tests="1" name="Examples.DataFromJson" time="5.796" errors="0" timestamp="2024-02-24T14:23:11 IST" skipped="0">
  <testcase classname="Examples.DataFromJson" name="dataJson" time="5.796"/>
</testsuite> <!-- Examples.DataFromJson -->
