<?xml version="1.0" encoding="UTF-8"?>
<!-- Generated by org.testng.reporters.JUnitReportReporter -->
<testsuite hostname="LAPTOP-3QEC0TB8" failures="0" tests="1" name="TC01.JsonValidationUsingNtwrkNT" time="1.310" errors="0" timestamp="2024-03-02T13:24:43 IST" skipped="0">
  <testcase classname="TC01.JsonValidationUsingNtwrkNT" name="jsonValidation" time="1.310"/>
</testsuite> <!-- TC01.JsonValidationUsingNtwrkNT -->
