<?xml version="1.0" encoding="UTF-8"?>
<!-- Generated by org.testng.reporters.JUnitReportReporter -->
<testsuite hostname="LAPTOP-3QEC0TB8" failures="0" tests="1" name="Examples.GetMethod_Example" time="14.895" errors="0" timestamp="2024-02-18T08:58:41 IST" skipped="0">
  <testcase classname="Examples.GetMethod_Example" name="Tc1" time="14.895"/>
</testsuite> <!-- Examples.GetMethod_Example -->
