<?xml version="1.0" encoding="UTF-8"?>
<!-- Generated by org.testng.reporters.JUnitReportReporter -->
<testsuite hostname="LAPTOP-3QEC0TB8" failures="0" tests="1" name="Examples.DeleteMethod" time="7.094" errors="0" timestamp="2024-02-24T10:17:30 IST" skipped="0">
  <testcase classname="Examples.DeleteMethod" name="DeleteMethod_Example" time="7.094"/>
</testsuite> <!-- Examples.DeleteMethod -->
