<?xml version="1.0" encoding="UTF-8"?>
<!-- Generated by org.testng.reporters.JUnitReportReporter -->
<testsuite hostname="LAPTOP-3QEC0TB8" failures="0" tests="1" name="TC01.TC_01" time="0.942" errors="0" timestamp="2024-02-24T17:53:17 IST" skipped="0">
  <testcase classname="TC01.TC_01" name="tc001" time="0.942"/>
</testsuite> <!-- TC01.TC_01 -->
