<?xml version="1.0" encoding="UTF-8"?>
<!-- Generated by org.testng.reporters.JUnitReportReporter -->
<testsuite hostname="LAPTOP-3QEC0TB8" failures="0" tests="1" name="Examples.RestAssuredExample" time="5.498" errors="0" timestamp="2024-02-17T12:50:58 IST" skipped="0">
  <testcase classname="Examples.RestAssuredExample" name="Tc1" time="5.498"/>
</testsuite> <!-- Examples.RestAssuredExample -->
