<?xml version="1.0" encoding="UTF-8"?>
<!-- Generated by org.testng.reporters.JUnitReportReporter -->
<testsuite hostname="LAPTOP-3QEC0TB8" failures="0" tests="1" name="Examples.Pojo" time="20.202" errors="0" timestamp="2024-02-24T15:11:09 IST" skipped="0">
  <testcase classname="Examples.Pojo" name="emp" time="20.202"/>
</testsuite> <!-- Examples.Pojo -->
