<?xml version="1.0" encoding="UTF-8"?>
<!-- Generated by org.testng.reporters.JUnitReportReporter -->
<testsuite hostname="LAPTOP-3QEC0TB8" failures="0" tests="1" name="Examples.PostMethod" time="5.961" errors="0" timestamp="2024-02-24T14:32:13 IST" skipped="0">
  <testcase classname="Examples.PostMethod" name="Postmethod_using_RestAssured" time="5.961"/>
</testsuite> <!-- Examples.PostMethod -->
