<?xml version="1.0" encoding="UTF-8"?>
<!-- Generated by org.testng.reporters.JUnitReportReporter -->
<testsuite hostname="LAPTOP-3QEC0TB8" failures="0" tests="1" name="Examples.PutMethod" time="5.801" errors="0" timestamp="2024-02-24T14:17:00 IST" skipped="0">
  <testcase classname="Examples.PutMethod" name="PutMethod_Example" time="5.801"/>
</testsuite> <!-- Examples.PutMethod -->
